<?xml version="1.0" encoding="UTF-8"?>
<testsuites name="jest tests" tests="5" failures="0" errors="0" time="9.646">
  <testsuite name="undefined" errors="0" failures="0" skipped="0" timestamp="2021-11-13T21:52:13" time="5.027" tests="1">
    <testcase classname=" BillingStack" name=" BillingStack" time="0.029">
    </testcase>
  </testsuite>
  <testsuite name="undefined" errors="0" failures="0" skipped="0" timestamp="2021-11-13T21:52:13" time="8.949" tests="1">
    <testcase classname=" ServiceStackTest" name=" ServiceStackTest" time="0.014">
    </testcase>
  </testsuite>
  <testsuite name="undefined" errors="0" failures="0" skipped="0" timestamp="2021-11-13T21:52:13" time="9.19" tests="3">
    <testcase classname=" PipelineStack" name=" PipelineStack" time="0.02">
    </testcase>
    <testcase classname=" Adding New Stage" name=" Adding New Stage" time="0.136">
    </testcase>
    <testcase classname=" Adding BillingStack to Prod Stage" name=" Adding BillingStack to Prod Stage" time="0.092">
    </testcase>
  </testsuite>
</testsuites>