<?xml version="1.0" encoding="UTF-8"?>
<testsuites name="jest tests" tests="5" failures="0" errors="0" time="4.296">
  <testsuite name="undefined" errors="0" failures="0" skipped="0" timestamp="2021-11-13T21:30:42" time="3.479" tests="1">
    <testcase classname=" ServiceStackTest" name=" ServiceStackTest" time="0.012">
    </testcase>
  </testsuite>
  <testsuite name="undefined" errors="0" failures="0" skipped="0" timestamp="2021-11-13T21:30:42" time="3.622" tests="1">
    <testcase classname=" BillingStack" name=" BillingStack" time="0.033">
    </testcase>
  </testsuite>
  <testsuite name="undefined" errors="0" failures="0" skipped="0" timestamp="2021-11-13T21:30:42" time="3.825" tests="3">
    <testcase classname=" PipelineStack" name=" PipelineStack" time="0.026">
    </testcase>
    <testcase classname=" Adding New Stage" name=" Adding New Stage" time="0.16">
    </testcase>
    <testcase classname=" Adding BillingStack to Prod Stage" name=" Adding BillingStack to Prod Stage" time="0.099">
    </testcase>
  </testsuite>
</testsuites>