<?xml version="1.0" encoding="UTF-8"?>
<testsuites name="jest tests" tests="3" failures="0" errors="0" time="8.337">
  <testsuite name="undefined" errors="0" failures="0" skipped="0" timestamp="2021-11-12T17:06:45" time="4.665" tests="1">
    <testcase classname=" PipelineStack" name=" PipelineStack" time="0.02">
    </testcase>
  </testsuite>
  <testsuite name="undefined" errors="0" failures="0" skipped="0" timestamp="2021-11-12T17:06:45" time="7.739" tests="1">
    <testcase classname=" BillingStack" name=" BillingStack" time="0.026">
    </testcase>
  </testsuite>
  <testsuite name="undefined" errors="0" failures="0" skipped="0" timestamp="2021-11-12T17:06:45" time="7.85" tests="1">
    <testcase classname=" ServiceStackTest" name=" ServiceStackTest" time="0.055">
    </testcase>
  </testsuite>
</testsuites>