<?xml version="1.0" encoding="UTF-8"?>
<testsuites name="jest tests" tests="2" failures="0" errors="0" time="7.828">
  <testsuite name="undefined" errors="0" failures="0" skipped="0" timestamp="2021-11-11T06:12:31" time="4.105" tests="1">
    <testcase classname=" PipelineStack" name=" PipelineStack" time="0.02">
    </testcase>
  </testsuite>
  <testsuite name="undefined" errors="0" failures="0" skipped="0" timestamp="2021-11-11T06:12:31" time="7.417" tests="1">
    <testcase classname=" PipelineStack" name=" PipelineStack" time="0.008">
    </testcase>
  </testsuite>
</testsuites>