<?xml version="1.0" encoding="UTF-8"?>
<testsuites name="jest tests" tests="1" failures="0" errors="0" time="5.128">
  <testsuite name="undefined" errors="0" failures="0" skipped="0" timestamp="2021-11-11T05:46:09" time="5.06" tests="1">
    <testcase classname=" Empty Stack" name=" Empty Stack" time="0.023">
    </testcase>
  </testsuite>
</testsuites>