<?xml version="1.0" encoding="UTF-8"?>
<testsuites name="jest tests" tests="2" failures="0" errors="0" time="9.037">
  <testsuite name="undefined" errors="0" failures="0" skipped="0" timestamp="2021-11-11T06:33:54" time="4.706" tests="1">
    <testcase classname=" PipelineStack" name=" PipelineStack" time="0.009">
    </testcase>
  </testsuite>
  <testsuite name="undefined" errors="0" failures="0" skipped="0" timestamp="2021-11-11T06:33:54" time="8.573" tests="1">
    <testcase classname=" PipelineStack" name=" PipelineStack" time="0.02">
    </testcase>
  </testsuite>
</testsuites>