<?xml version="1.0" encoding="UTF-8"?>
<testsuites name="jest tests" tests="4" failures="0" errors="0" time="8.255">
  <testsuite name="undefined" errors="0" failures="0" skipped="0" timestamp="2021-11-12T22:12:05" time="3.655" tests="1">
    <testcase classname=" BillingStack" name=" BillingStack" time="0.026">
    </testcase>
  </testsuite>
  <testsuite name="undefined" errors="0" failures="0" skipped="0" timestamp="2021-11-12T22:12:05" time="3.687" tests="1">
    <testcase classname=" ServiceStackTest" name=" ServiceStackTest" time="0.051">
    </testcase>
  </testsuite>
  <testsuite name="undefined" errors="0" failures="0" skipped="0" timestamp="2021-11-12T22:12:05" time="7.8" tests="2">
    <testcase classname=" PipelineStack" name=" PipelineStack" time="0.02">
    </testcase>
    <testcase classname=" Adding New Stage" name=" Adding New Stage" time="0.134">
    </testcase>
  </testsuite>
</testsuites>