<?xml version="1.0" encoding="UTF-8"?>
<testsuites name="jest tests" tests="5" failures="0" errors="0" time="7.802">
  <testsuite name="undefined" errors="0" failures="0" skipped="0" timestamp="2021-11-12T22:30:51" time="3.864" tests="1">
    <testcase classname=" BillingStack" name=" BillingStack" time="0.033">
    </testcase>
  </testsuite>
  <testsuite name="undefined" errors="0" failures="0" skipped="0" timestamp="2021-11-12T22:30:51" time="3.889" tests="1">
    <testcase classname=" ServiceStackTest" name=" ServiceStackTest" time="0.058">
    </testcase>
  </testsuite>
  <testsuite name="undefined" errors="0" failures="0" skipped="0" timestamp="2021-11-12T22:30:51" time="7.346" tests="3">
    <testcase classname=" PipelineStack" name=" PipelineStack" time="0.019">
    </testcase>
    <testcase classname=" Adding New Stage" name=" Adding New Stage" time="0.119">
    </testcase>
    <testcase classname=" Adding BillingStack to Prod Stage" name=" Adding BillingStack to Prod Stage" time="0.074">
    </testcase>
  </testsuite>
</testsuites>